<?xml version="1.0" encoding="UTF-8"?>
<!-- Generated by org.testng.reporters.JUnitXMLReporter -->
<testsuite ignored="4" hostname="MAA-5CG1158Q3P" failures="0" tests="3" name="Default test" time="384.795" errors="0" timestamp="2024-02-23T10:30:08 IST">
  <testcase classname="eero.dogfood.multiSsidSection" name="C37206" time="124.133"/>
  <testcase classname="eero.dogfood.multiSsidSection" name="C37208" time="124.529"/>
  <testcase classname="eero.dogfood.multiSsidSection" name="C385604" time="126.491"/>
  <testcase classname="eero.dogfood.multiSsidSection" name="C37148" time="0.0">
    <ignored/>
  </testcase> <!-- C37148 -->
  <testcase classname="eero.dogfood.multiSsidSection" name="C37146" time="0.0">
    <ignored/>
  </testcase> <!-- C37146 -->
  <testcase classname="eero.dogfood.multiSsidSection" name="C37155" time="0.0">
    <ignored/>
  </testcase> <!-- C37155 -->
  <testcase classname="eero.dogfood.multiSsidSection" name="C385605" time="0.0">
    <ignored/>
  </testcase> <!-- C385605 -->
</testsuite> <!-- Default test -->
