<?xml version="1.0" encoding="UTF-8"?>
<!-- Generated by org.testng.reporters.JUnitXMLReporter -->
<testsuite ignored="8" hostname="MAA-5CG1158Q3P" failures="0" tests="1" name="Default test" time="104.324" errors="0" timestamp="2023-12-28T17:26:29 IST">
  <testcase classname="eero.dogfood.BusinessNetworkCases" name="C235445" time="95.42"/>
  <testcase classname="eero.dogfood.BusinessNetworkCases" name="C233647" time="0.0">
    <ignored/>
  </testcase> <!-- C233647 -->
  <testcase classname="eero.dogfood.BusinessNetworkCases" name="C23964" time="0.0">
    <ignored/>
  </testcase> <!-- C23964 -->
  <testcase classname="eero.dogfood.BusinessNetworkCases" name="createBusinessNetwork" time="0.0">
    <ignored/>
  </testcase> <!-- createBusinessNetwork -->
  <testcase classname="eero.dogfood.BusinessNetworkCases" name="C29192" time="0.0">
    <ignored/>
  </testcase> <!-- C29192 -->
  <testcase classname="eero.dogfood.BusinessNetworkCases" name="C28492" time="0.0">
    <ignored/>
  </testcase> <!-- C28492 -->
  <testcase classname="eero.dogfood.BusinessNetworkCases" name="C37222" time="0.0">
    <ignored/>
  </testcase> <!-- C37222 -->
  <testcase classname="eero.dogfood.BusinessNetworkCases" name="C37220" time="0.0">
    <ignored/>
  </testcase> <!-- C37220 -->
  <testcase classname="eero.dogfood.BusinessNetworkCases" name="C37191" time="0.0">
    <ignored/>
  </testcase> <!-- C37191 -->
</testsuite> <!-- Default test -->
