<?xml version="1.0" encoding="UTF-8"?>
<!-- Generated by org.testng.reporters.JUnitXMLReporter -->
<testsuite ignored="0" hostname="MAA-5CG1158Q3P" failures="0" tests="3" name="Test" time="365.11" errors="0" timestamp="2024-03-03T12:39:57 IST">
  <testcase classname="eero.dogfood.B2B.ClientRedirectionOnDifferentBrowsersSection" name="C36850" time="111.161"/>
  <testcase classname="eero.dogfood.B2B.ClientRedirectionOnDifferentBrowsersSection" name="C36852" time="106.312"/>
  <testcase classname="eero.dogfood.B2B.ClientRedirectionOnDifferentBrowsersSection" name="C36853" time="120.465"/>
</testsuite> <!-- Test -->
