<?xml version="1.0" encoding="UTF-8"?>
<testng-results ignored="8" total="9" passed="1" failed="0" skipped="0">
  <reporter-output>
  </reporter-output>
  <suite started-at="2023-12-28T17:24:45 IST" name="Default suite" finished-at="2023-12-28T17:26:29 IST" duration-ms="104324">
    <groups>
    </groups>
    <test started-at="2023-12-28T17:24:45 IST" name="Default test" finished-at="2023-12-28T17:26:29 IST" duration-ms="104324">
      <class name="eero.dogfood.BusinessNetworkCases">
        <test-method is-config="true" signature="BaseConfig()[pri:0, instance:eero.dogfood.BusinessNetworkCases@4659191b]" started-at="2023-12-28T17:24:45 IST" name="BaseConfig" finished-at="2023-12-28T17:24:54 IST" duration-ms="8869" status="PASS">
          <reporter-output>
          </reporter-output>
        </test-method> <!-- BaseConfig -->
        <test-method signature="C235445()[pri:4, instance:eero.dogfood.BusinessNetworkCases@4659191b]" started-at="2023-12-28T17:24:54 IST" name="C235445" description="  Create and enable Subnet B and configure it as Business Subnet " finished-at="2023-12-28T17:26:29 IST" duration-ms="95420" status="PASS">
          <reporter-output>
          </reporter-output>
        </test-method> <!-- C235445 -->
      </class> <!-- eero.dogfood.BusinessNetworkCases -->
    </test> <!-- Default test -->
  </suite> <!-- Default suite -->
</testng-results>
