<?xml version="1.0" encoding="UTF-8"?>
<!-- Generated by org.testng.reporters.JUnitXMLReporter -->
<testsuite ignored="0" hostname="MAA-5CG1158Q3P" failures="1" tests="3" name="Test" time="309.192" errors="0" timestamp="2024-03-03T13:45:18 IST">
  <testcase classname="eero.dogfood.B2B.ClientRedirectionOnDifferentBrowsersSection" name="C36850" time="110.579"/>
  <testcase classname="eero.dogfood.B2B.ClientRedirectionOnDifferentBrowsersSection" name="C36852" time="107.0"/>
  <testcase classname="eero.dogfood.B2B.ClientRedirectionOnDifferentBrowsersSection" name="C36853" time="63.026">
    <failure type="org.openqa.selenium.NoSuchElementException" message="Can&amp;apos;t locate an element by this strategy: By.chained({AppiumBy.id: org.mozilla.firefox:id/privateBrowsingButton})">
      <![CDATA[org.openqa.selenium.NoSuchElementException: Can't locate an element by this strategy: By.chained({AppiumBy.id: org.mozilla.firefox:id/privateBrowsingButton})
at io.appium.java_client.pagefactory.AppiumElementLocator.findElement(AppiumElementLocator.java:166)
at io.appium.java_client.pagefactory.interceptors.InterceptorOfASingleElement.call(InterceptorOfASingleElement.java:64)
at io.appium.java_client.proxy.Interceptor.intercept(Interceptor.java:78)
at org.openqa.selenium.remote.RemoteWebElement$ByteBuddy$jQwUbw5V.isSelected(Unknown Source)
at eero.dogfood.B2B.ClientRedirectionOnDifferentBrowsersSection.C36853(ClientRedirectionOnDifferentBrowsersSection.java:171)
at java.base/java.util.ArrayList.forEach(ArrayList.java:1511)
Caused by: org.openqa.selenium.TimeoutException: Expected condition failed: waiting for io.appium.java_client.pagefactory.AppiumElementLocator$WaitingFunction@43ee4942 (tried for 1 second(s) with 500 milliseconds interval)
at org.openqa.selenium.support.ui.FluentWait.timeoutException(FluentWait.java:262)
at org.openqa.selenium.support.ui.FluentWait.until(FluentWait.java:230)
at io.appium.java_client.pagefactory.AppiumElementLocator.waitFor(AppiumElementLocator.java:135)
at io.appium.java_client.pagefactory.AppiumElementLocator.findElement(AppiumElementLocator.java:160)
... 32 more
Caused by: org.openqa.selenium.NoSuchElementException: Cannot locate an element using By.chained({AppiumBy.id: org.mozilla.firefox:id/privateBrowsingButton})
For documentation on this error, please visit: https://www.selenium.dev/documentation/webdriver/troubleshooting/errors#no-such-element-exception
Build info: version: '4.13.0', revision: 'ba948ece5b*'
System info: os.name: 'Windows 10', os.arch: 'amd64', os.version: '10.0', java.version: '17.0.6'
Driver info: driver.version: RemoteWebDriver
at io.appium.java_client.pagefactory.bys.builder.ByChained.findElement(ByChained.java:77)
at org.openqa.selenium.remote.ElementLocation$ElementFinder$1.findElement(ElementLocation.java:139)
at org.openqa.selenium.remote.ElementLocation.findElement(ElementLocation.java:59)
at org.openqa.selenium.remote.RemoteWebDriver.findElement(RemoteWebDriver.java:359)
at org.openqa.selenium.remote.RemoteWebDriver.findElement(RemoteWebDriver.java:353)
at io.appium.java_client.pagefactory.bys.ContentMappedBy.findElement(ContentMappedBy.java:53)
at org.openqa.selenium.remote.ElementLocation$ElementFinder$1.findElement(ElementLocation.java:139)
at org.openqa.selenium.remote.ElementLocation.findElement(ElementLocation.java:59)
at org.openqa.selenium.remote.RemoteWebDriver.findElement(RemoteWebDriver.java:359)
at org.openqa.selenium.remote.RemoteWebDriver.findElement(RemoteWebDriver.java:353)
at io.appium.java_client.pagefactory.AppiumElementLocator.lambda$findElement$1(AppiumElementLocator.java:160)
at io.appium.java_client.pagefactory.AppiumElementLocator$WaitingFunction.apply(AppiumElementLocator.java:217)
at io.appium.java_client.pagefactory.AppiumElementLocator$WaitingFunction.apply(AppiumElementLocator.java:210)
at org.openqa.selenium.support.ui.FluentWait.until(FluentWait.java:205)
... 34 more
... Removed 27 stack frames]]>
    </failure>
  </testcase> <!-- C36853 -->
</testsuite> <!-- Test -->
